<?xml version="1.0" encoding="UTF-8"?>
<!-- Generated by org.testng.reporters.JUnitXMLReporter -->
<testsuite ignored="0" hostname="Efe-MacBook-Pro.local" failures="0" tests="3" name="Command line test" time="2.057" errors="0" timestamp="2021-11-28T17:41:51 TRT">
  <testcase classname="tests.RestAssuredTest" name="createUserTest" time="1.47"/>
  <testcase classname="tests.RestAssuredTest" name="listSingleResouce" time="0.176"/>
  <testcase classname="tests.RestAssuredTest" name="singleUserBDDTest" time="0.4"/>
</testsuite> <!-- Command line test -->
