<?xml version="1.0" encoding="UTF-8"?>
<testng-results ignored="0" total="3" passed="3" failed="0" skipped="0">
  <reporter-output>
  </reporter-output>
  <suite started-at="2021-11-28T17:41:44 TRT" name="tests.RestAssuredTest" finished-at="2021-11-28T17:41:46 TRT" duration-ms="2057">
    <groups>
    </groups>
    <test started-at="2021-11-28T17:41:44 TRT" name="Command line test" finished-at="2021-11-28T17:41:46 TRT" duration-ms="2057">
      <class name="tests.RestAssuredTest">
        <test-method signature="createUserTest()[pri:0, instance:tests.RestAssuredTest@3dfc5fb8]" started-at="2021-11-28T17:41:44 TRT" name="createUserTest" finished-at="2021-11-28T17:41:45 TRT" duration-ms="1470" status="PASS">
          <reporter-output>
          </reporter-output>
        </test-method> <!-- createUserTest -->
        <test-method signature="listSingleResouce()[pri:0, instance:tests.RestAssuredTest@3dfc5fb8]" started-at="2021-11-28T17:41:45 TRT" name="listSingleResouce" finished-at="2021-11-28T17:41:45 TRT" duration-ms="176" status="PASS">
          <reporter-output>
          </reporter-output>
        </test-method> <!-- listSingleResouce -->
        <test-method signature="singleUserBDDTest()[pri:0, instance:tests.RestAssuredTest@3dfc5fb8]" started-at="2021-11-28T17:41:45 TRT" name="singleUserBDDTest" finished-at="2021-11-28T17:41:46 TRT" duration-ms="400" status="PASS">
          <reporter-output>
          </reporter-output>
        </test-method> <!-- singleUserBDDTest -->
      </class> <!-- tests.RestAssuredTest -->
    </test> <!-- Command line test -->
  </suite> <!-- tests.RestAssuredTest -->
</testng-results>
